<?xml version="1.0" encoding="UTF-8"?>
<!-- Generated by org.testng.reporters.JUnitReportReporter -->
<testsuite hostname="DESKTOP-T5RPGMH" failures="0" tests="1" name="mavenPac.CreateGroupsTest" time="0.061" errors="0" timestamp="09 May 2022 12:32:55 GMT" skipped="0">
  <testcase classname="mavenPac.CreateGroupsTest" name="createGropTest" time="0.061"/>
</testsuite> <!-- mavenPac.CreateGroupsTest -->
