<?xml version="1.0" encoding="UTF-8"?>
<!-- Generated by org.testng.reporters.JUnitReportReporter -->
<testsuite hostname="DESKTOP-T5RPGMH" failures="0" tests="1" name="mavenPac.ReadingDataFromCommandLineTest" time="0.027" errors="0" timestamp="09 May 2022 09:58:37 GMT" skipped="0">
  <testcase classname="mavenPac.ReadingDataFromCommandLineTest" name="readingDataFromCommanndLine" time="0.027"/>
</testsuite> <!-- mavenPac.ReadingDataFromCommandLineTest -->
