<?xml version="1.0" encoding="UTF-8"?>
<!-- Generated by org.testng.reporters.JUnitReportReporter -->
<testsuite hostname="DESKTOP-T5RPGMH" failures="0" tests="1" name="mavenPac.CreateUserTest" time="0.023" errors="0" timestamp="09 May 2022 09:57:46 GMT" skipped="0">
  <testcase classname="mavenPac.CreateUserTest" name="createUsertest" time="0.023"/>
</testsuite> <!-- mavenPac.CreateUserTest -->
